<?xml version="1.0" encoding="UTF-8" ?>
<testsuite tests="62" failures="0" name="test.WithExceptionTest" time="0" errors="0" skipped="0">
  <properties>
[...]
</properties>
  <testcase classname="test.WithExceptionTest" name="name_1" time="0"/>
  <testcase classname="test.WithExceptionTest" name="name_2" time="0"/>
  <testcase classname="test.WithExceptionTest" name="name_3" time="0"/>
  <testcase classname="test.WithExceptionTest" name="name_4" time="0"/>
  <testcase classname="test.WithExceptionTest" name="name_5" time="0"/>
  <testcase classname="test.WithExceptionTest" name="name_6" time="0"/>
  <testcase classname="test.WithExceptionTest" name="name_7" time="0"/>
  <testcase classname="test.WithExceptionTest" name="name_8" time="0"/>
  <testcase classname="test.WithExceptionTest" name="name_9" time="0"/>
  <testcase classname="test.WithExceptionTest" name="name_10" time="0"/>
  <testcase classname="test.WithExceptionTest" name="name_11" time="0"/>
  <testcase classname="test.WithExceptionTest" name="name_12" time="0"/>
  <testcase classname="test.WithExceptionTest" name="name_13" time="0"/>
  <testcase classname="test.WithExceptionTest" name="name_14" time="0"/>
  <testcase classname="test.WithExceptionTest" name="name_15" time="0"/>
  <testcase classname="test.WithExceptionTest" name="name_16" time="0"/>
  <testcase classname="test.WithExceptionTest" name="name_17" time="0"/>
  <testcase classname="test.WithExceptionTest" name="name_18" time="0"/>
  <testcase classname="test.WithExceptionTest" name="name_19" time="0"/>
  <testcase classname="test.WithExceptionTest" name="name_20" time="0"/>
  <testcase classname="test.WithExceptionTest" name="name_21" time="0"/>
  <testcase classname="test.WithExceptionTest" name="name_22" time="0"/>
  <testcase classname="test.WithExceptionTest" name="name_23" time="0"/>
  <testcase classname="test.WithExceptionTest" name="name_24" time="0"/>
  <testcase classname="test.WithExceptionTest" name="name_25" time="0"/>
  <testcase classname="test.WithExceptionTest" name="name_26" time="0"/>
  <testcase classname="test.WithExceptionTest" name="name_27" time="0"/>
  <testcase classname="test.WithExceptionTest" name="name_28" time="0"/>
  <testcase classname="test.WithExceptionTest" name="name_29" time="0"/>
  <testcase classname="test.WithExceptionTest" name="name_30" time="0"/>
  <testcase classname="test.WithExceptionTest" name="name_31" time="0"/>
  <testcase classname="test.WithExceptionTest" name="name_32" time="0"/>
  <testcase classname="test.WithExceptionTest" name="name_33" time="0"/>
  <testcase classname="test.WithExceptionTest" name="name_34" time="0"/>
  <testcase classname="test.WithExceptionTest" name="name_35" time="0"/>
  <testcase classname="test.WithExceptionTest" name="name_36" time="0"/>
  <testcase classname="test.WithExceptionTest" name="name_37" time="0"/>
  <testcase classname="test.WithExceptionTest" name="name_38" time="0"/>
  <testcase classname="test.WithExceptionTest" name="name_39" time="0"/>
  <testcase classname="test.WithExceptionTest" name="name_40" time="0"/>
  <testcase classname="test.WithExceptionTest" name="name_41" time="0"/>
  <testcase classname="test.WithExceptionTest" name="name_42" time="0"/>
  <testcase classname="test.WithExceptionTest" name="name_43" time="0"/>
  <testcase classname="test.WithExceptionTest" name="name_44" time="0"/>
  <testcase classname="test.WithExceptionTest" name="name_45" time="0"/>
  <testcase classname="test.WithExceptionTest" name="name_46" time="0"/>
  <testcase classname="test.WithExceptionTest" name="name_47" time="0"/>
  <testcase classname="test.WithExceptionTest" name="name_48" time="0"/>
  <testcase classname="test.WithExceptionTest" name="name_49" time="0"/>
  <testcase classname="test.WithExceptionTest" name="name_50" time="0"/>
  <testcase classname="test.WithExceptionTest" name="name_51" time="0"/>
  <testcase classname="test.WithExceptionTest" name="name_52" time="0"/>
  <testcase classname="test.WithExceptionTest" name="name_53" time="0"/>
  <testcase classname="test.WithExceptionTest" name="name_54" time="0"/>
  <testcase classname="test.WithExceptionTest" name="name_55" time="0"/>
  <testcase classname="test.WithExceptionTest" name="name_56" time="0"/>
  <testcase classname="test.WithExceptionTest" name="name_57" time="0"/>
  <testcase classname="test.WithExceptionTest" name="name_58" time="0"/>
  <testcase classname="test.WithExceptionTest" name="name_59" time="0"/>
  <testcase classname="test.WithExceptionTest" name="name_60" time="0"/>
  <testcase classname="test.WithExceptionTest" name="name_61" time="0"/>
  <testcase classname="test.WithExceptionTest" name="name_62" time="0"/>
</testsuite>