<?xml version="1.0" encoding="UTF-8" ?>
<testsuite tests="124" failures="0" name="test.UserSystemTest" time="0.437" errors="0" skipped="62">
  <properties>
[...]
</properties>
  <testcase classname="test.UserSystemTest" name="name_1" time="0.004"/>
  <testcase classname="test.UserSystemTest" name="name_2" time="0.001"/>
  <testcase classname="test.UserSystemTest" name="name_3" time="0"/>
  <testcase classname="test.UserSystemTest" name="name_4" time="0"/>
  <testcase classname="test.UserSystemTest" name="name_5" time="0"/>
  <testcase classname="test.UserSystemTest" name="name_6" time="0"/>
  <testcase classname="test.UserSystemTest" name="name_7" time="0.001"/>
  <testcase classname="test.UserSystemTest" name="name_8" time="0"/>
  <testcase classname="test.UserSystemTest" name="name_9" time="0.001"/>
  <testcase classname="test.UserSystemTest" name="skip_1" time="0.003">
    <skipped/>
  </testcase>
  <testcase classname="test.UserSystemTest" name="skip_2" time="0.003">
    <skipped/>
  </testcase>
  <testcase classname="test.UserSystemTest" name="skip_3" time="0.003">
    <skipped/>
  </testcase>
  <testcase classname="test.UserSystemTest" name="skip_4" time="0.003">
    <skipped/>
  </testcase>
  <testcase classname="test.UserSystemTest" name="skip_5" time="0.004">
    <skipped/>
  </testcase>
  <testcase classname="test.UserSystemTest" name="skip_6" time="0.004">
    <skipped/>
  </testcase>
  <testcase classname="test.UserSystemTest" name="skip_7" time="0.004">
    <skipped/>
  </testcase>
  <testcase classname="test.UserSystemTest" name="skip_8" time="0.004">
    <skipped/>
  </testcase>
  <testcase classname="test.UserSystemTest" name="skip_9" time="0.005">
    <skipped/>
  </testcase>
  <testcase classname="test.UserSystemTest" name="name_10" time="0.002"/>
  <testcase classname="test.UserSystemTest" name="name_11" time="0"/>
  <testcase classname="test.UserSystemTest" name="name_12" time="0"/>
  <testcase classname="test.UserSystemTest" name="name_13" time="0"/>
  <testcase classname="test.UserSystemTest" name="name_14" time="0"/>
  <testcase classname="test.UserSystemTest" name="name_15" time="0"/>
  <testcase classname="test.UserSystemTest" name="name_16" time="0"/>
  <testcase classname="test.UserSystemTest" name="name_17" time="0"/>
  <testcase classname="test.UserSystemTest" name="name_18" time="0"/>
  <testcase classname="test.UserSystemTest" name="name_19" time="0"/>
  <testcase classname="test.UserSystemTest" name="name_20" time="0"/>
  <testcase classname="test.UserSystemTest" name="name_21" time="0"/>
  <testcase classname="test.UserSystemTest" name="name_22" time="0"/>
  <testcase classname="test.UserSystemTest" name="name_23" time="0"/>
  <testcase classname="test.UserSystemTest" name="name_24" time="0"/>
  <testcase classname="test.UserSystemTest" name="name_25" time="0.003"/>
  <testcase classname="test.UserSystemTest" name="name_26" time="0"/>
  <testcase classname="test.UserSystemTest" name="name_27" time="0.003"/>
  <testcase classname="test.UserSystemTest" name="name_28" time="0"/>
  <testcase classname="test.UserSystemTest" name="name_29" time="0"/>
  <testcase classname="test.UserSystemTest" name="name_30" time="0"/>
  <testcase classname="test.UserSystemTest" name="name_31" time="0"/>
  <testcase classname="test.UserSystemTest" name="name_32" time="0"/>
  <testcase classname="test.UserSystemTest" name="name_33" time="0.003"/>
  <testcase classname="test.UserSystemTest" name="name_34" time="0"/>
  <testcase classname="test.UserSystemTest" name="name_35" time="0"/>
  <testcase classname="test.UserSystemTest" name="name_36" time="0"/>
  <testcase classname="test.UserSystemTest" name="name_37" time="0"/>
  <testcase classname="test.UserSystemTest" name="name_38" time="0"/>
  <testcase classname="test.UserSystemTest" name="name_39" time="0"/>
  <testcase classname="test.UserSystemTest" name="name_40" time="0"/>
  <testcase classname="test.UserSystemTest" name="name_41" time="0"/>
  <testcase classname="test.UserSystemTest" name="name_42" time="0"/>
  <testcase classname="test.UserSystemTest" name="name_43" time="0.001"/>
  <testcase classname="test.UserSystemTest" name="name_44" time="0"/>
  <testcase classname="test.UserSystemTest" name="name_45" time="0"/>
  <testcase classname="test.UserSystemTest" name="name_46" time="0"/>
  <testcase classname="test.UserSystemTest" name="name_47" time="0"/>
  <testcase classname="test.UserSystemTest" name="name_48" time="0"/>
  <testcase classname="test.UserSystemTest" name="name_49" time="0"/>
  <testcase classname="test.UserSystemTest" name="name_50" time="0"/>
  <testcase classname="test.UserSystemTest" name="name_51" time="0"/>
  <testcase classname="test.UserSystemTest" name="name_52" time="0"/>
  <testcase classname="test.UserSystemTest" name="name_53" time="0"/>
  <testcase classname="test.UserSystemTest" name="name_54" time="0.001"/>
  <testcase classname="test.UserSystemTest" name="name_55" time="0"/>
  <testcase classname="test.UserSystemTest" name="name_56" time="0"/>
  <testcase classname="test.UserSystemTest" name="name_57" time="0"/>
  <testcase classname="test.UserSystemTest" name="name_58" time="0.005"/>
  <testcase classname="test.UserSystemTest" name="name_59" time="0"/>
  <testcase classname="test.UserSystemTest" name="name_60" time="0"/>
  <testcase classname="test.UserSystemTest" name="name_61" time="0.001"/>
  <testcase classname="test.UserSystemTest" name="name_62" time="0"/>
  <testcase classname="test.UserSystemTest" name="skip_10" time="0">
    <skipped/>
  </testcase>
  <testcase classname="test.UserSystemTest" name="skip_11" time="0">
    <skipped/>
  </testcase>
  <testcase classname="test.UserSystemTest" name="skip_12" time="0">
    <skipped/>
  </testcase>
  <testcase classname="test.UserSystemTest" name="skip_13" time="0">
    <skipped/>
  </testcase>
  <testcase classname="test.UserSystemTest" name="skip_14" time="0">
    <skipped/>
  </testcase>
  <testcase classname="test.UserSystemTest" name="skip_15" time="0">
    <skipped/>
  </testcase>
  <testcase classname="test.UserSystemTest" name="skip_16" time="0.001">
    <skipped/>
  </testcase>
  <testcase classname="test.UserSystemTest" name="skip_17" time="0.001">
    <skipped/>
  </testcase>
  <testcase classname="test.UserSystemTest" name="skip_18" time="0.001">
    <skipped/>
  </testcase>
  <testcase classname="test.UserSystemTest" name="skip_19" time="0.001">
    <skipped/>
  </testcase>
  <testcase classname="test.UserSystemTest" name="skip_20" time="0.002">
    <skipped/>
  </testcase>
  <testcase classname="test.UserSystemTest" name="skip_21" time="0.002">
    <skipped/>
  </testcase>
  <testcase classname="test.UserSystemTest" name="skip_22" time="0.002">
    <skipped/>
  </testcase>
  <testcase classname="test.UserSystemTest" name="skip_23" time="0.003">
    <skipped/>
  </testcase>
  <testcase classname="test.UserSystemTest" name="skip_24" time="0.003">
    <skipped/>
  </testcase>
  <testcase classname="test.UserSystemTest" name="skip_25" time="0.003">
    <skipped/>
  </testcase>
  <testcase classname="test.UserSystemTest" name="skip_26" time="0.003">
    <skipped/>
  </testcase>
  <testcase classname="test.UserSystemTest" name="skip_27" time="0.008">
    <skipped/>
  </testcase>
  <testcase classname="test.UserSystemTest" name="skip_28" time="0.008">
    <skipped/>
  </testcase>
  <testcase classname="test.UserSystemTest" name="skip_29" time="0.008">
    <skipped/>
  </testcase>
  <testcase classname="test.UserSystemTest" name="skip_30" time="0.008">
    <skipped/>
  </testcase>
  <testcase classname="test.UserSystemTest" name="skip_31" time="0.008">
    <skipped/>
  </testcase>
  <testcase classname="test.UserSystemTest" name="skip_32" time="0.008">
    <skipped/>
  </testcase>
  <testcase classname="test.UserSystemTest" name="skip_33" time="0.008">
    <skipped/>
  </testcase>
  <testcase classname="test.UserSystemTest" name="skip_34" time="0.008">
    <skipped/>
  </testcase>
  <testcase classname="test.UserSystemTest" name="skip_35" time="0.009">
    <skipped/>
  </testcase>
  <testcase classname="test.UserSystemTest" name="skip_36" time="0.009">
    <skipped/>
  </testcase>
  <testcase classname="test.UserSystemTest" name="skip_37" time="0.009">
    <skipped/>
  </testcase>
  <testcase classname="test.UserSystemTest" name="skip_38" time="0.009">
    <skipped/>
  </testcase>
  <testcase classname="test.UserSystemTest" name="skip_39" time="0.009">
    <skipped/>
  </testcase>
  <testcase classname="test.UserSystemTest" name="skip_40" time="0.009">
    <skipped/>
  </testcase>
  <testcase classname="test.UserSystemTest" name="skip_41" time="0.009">
    <skipped/>
  </testcase>
  <testcase classname="test.UserSystemTest" name="skip_42" time="0.009">
    <skipped/>
  </testcase>
  <testcase classname="test.UserSystemTest" name="skip_43" time="0.009">
    <skipped/>
  </testcase>
  <testcase classname="test.UserSystemTest" name="skip_44" time="0.009">
    <skipped/>
  </testcase>
  <testcase classname="test.UserSystemTest" name="skip_45" time="0.009">
    <skipped/>
  </testcase>
  <testcase classname="test.UserSystemTest" name="skip_46" time="0.009">
    <skipped/>
  </testcase>
  <testcase classname="test.UserSystemTest" name="skip_47" time="0.009">
    <skipped/>
  </testcase>
  <testcase classname="test.UserSystemTest" name="skip_48" time="0.009">
    <skipped/>
  </testcase>
  <testcase classname="test.UserSystemTest" name="skip_49" time="0.009">
    <skipped/>
  </testcase>
  <testcase classname="test.UserSystemTest" name="skip_50" time="0.009">
    <skipped/>
  </testcase>
  <testcase classname="test.UserSystemTest" name="skip_51" time="0.009">
    <skipped/>
  </testcase>
  <testcase classname="test.UserSystemTest" name="skip_52" time="0.009">
    <skipped/>
  </testcase>
  <testcase classname="test.UserSystemTest" name="skip_53" time="0.01">
    <skipped/>
  </testcase>
  <testcase classname="test.UserSystemTest" name="skip_54" time="0.01">
    <skipped/>
  </testcase>
  <testcase classname="test.UserSystemTest" name="skip_55" time="0.01">
    <skipped/>
  </testcase>
  <testcase classname="test.UserSystemTest" name="skip_56" time="0.01">
    <skipped/>
  </testcase>
  <testcase classname="test.UserSystemTest" name="skip_57" time="0.01">
    <skipped/>
  </testcase>
  <testcase classname="test.UserSystemTest" name="skip_58" time="0.016">
    <skipped/>
  </testcase>
  <testcase classname="test.UserSystemTest" name="skip_59" time="0.016">
    <skipped/>
  </testcase>
  <testcase classname="test.UserSystemTest" name="skip_60" time="0.016">
    <skipped/>
  </testcase>
  <testcase classname="test.UserSystemTest" name="skip_61" time="0.016">
    <skipped/>
  </testcase>
  <testcase classname="test.UserSystemTest" name="skip_62" time="0.016">
    <skipped/>
  </testcase>
</testsuite>